Main.obj : error LNK2019: unresolved external symbol "__declspec(dllimport) public: __thiscall sf::String::String(char const *,class std::locale const &)" (__imp_??0String@sf@@QAE@PBDABVlocale@std@@@Z) referenced in function "void __cdecl createWindowGame(void)" (?createWindowGame@@YAXXZ)
Main.obj : error LNK2019: unresolved external symbol "__declspec(dllimport) public: __thiscall sf::String::~String(void)" (__imp_??1String@sf@@QAE@XZ) referenced in function "void __cdecl createWindowGame(void)" (?createWindowGame@@YAXXZ)
Main.obj : error LNK2019: unresolved external symbol "__declspec(dllimport) public: static bool __cdecl sf::Mouse::isButtonPressed(enum sf::Mouse::Button)" (__imp_?isButtonPressed@Mouse@sf@@SA_NW4Button@12@@Z) referenced in function "void __cdecl createWindowGame(void)" (?createWindowGame@@YAXXZ)
Main.obj : error LNK2019: unresolved external symbol "__declspec(dllimport) public: static class sf::Vector2<int> __cdecl sf::Mouse::getPosition(class sf::Window const &)" (__imp_?getPosition@Mouse@sf@@SA?AV?$Vector2@H@2@ABVWindow@2@@Z) referenced in function "void __cdecl createWindowGame(void)" (?createWindowGame@@YAXXZ)
Main.obj : error LNK2019: unresolved external symbol "__declspec(dllimport) public: __thiscall sf::VideoMode::VideoMode(unsigned int,unsigned int,unsigned int)" (__imp_??0VideoMode@sf@@QAE@III@Z) referenced in function "void __cdecl createWindowGame(void)" (?createWindowGame@@YAXXZ)
Main.obj : error LNK2019: unresolved external symbol "__declspec(dllimport) public: void __thiscall sf::Window::close(void)" (__imp_?close@Window@sf@@QAEXXZ) referenced in function "void __cdecl createWindowGame(void)" (?createWindowGame@@YAXXZ)
Main.obj : error LNK2019: unresolved external symbol "__declspec(dllimport) public: bool __thiscall sf::Window::isOpen(void)const " (__imp_?isOpen@Window@sf@@QBE_NXZ) referenced in function "void __cdecl createWindowGame(void)" (?createWindowGame@@YAXXZ)
Main.obj : error LNK2019: unresolved external symbol "__declspec(dllimport) public: bool __thiscall sf::Window::pollEvent(class sf::Event &)" (__imp_?pollEvent@Window@sf@@QAE_NAAVEvent@2@@Z) referenced in function "void __cdecl createWindowGame(void)" (?createWindowGame@@YAXXZ)
Main.obj : error LNK2019: unresolved external symbol "__declspec(dllimport) public: void __thiscall sf::Window::display(void)" (__imp_?display@Window@sf@@QAEXXZ) referenced in function "void __cdecl redrawField(class sf::RenderWindow &)" (?redrawField@@YAXAAVRenderWindow@sf@@@Z)
Main.obj : error LNK2019: unresolved external symbol "__declspec(dllimport) public: void __thiscall sf::Transformable::setPosition(class sf::Vector2<float> const &)" (__imp_?setPosition@Transformable@sf@@QAEXABV?$Vector2@M@2@@Z) referenced in function "void __cdecl createWindowGame(void)" (?createWindowGame@@YAXXZ)
Main.obj : error LNK2019: unresolved external symbol "__declspec(dllimport) public: class sf::Vector2<float> const & __thiscall sf::Transformable::getPosition(void)const " (__imp_?getPosition@Transformable@sf@@QBEABV?$Vector2@M@2@XZ) referenced in function "bool __cdecl isClickedOnShape(class sf::Vector2<int>,class sf::RectangleShape &)" (?isClickedOnShape@@YA_NV?$Vector2@H@sf@@AAVRectangleShape@2@@Z)
Main.obj : error LNK2019: unresolved external symbol "__declspec(dllimport) public: __thiscall sf::Color::Color(unsigned char,unsigned char,unsigned char,unsigned char)" (__imp_??0Color@sf@@QAE@EEEE@Z) referenced in function "void __cdecl redrawField(class sf::RenderWindow &)" (?redrawField@@YAXAAVRenderWindow@sf@@@Z)
Main.obj : error LNK2019: unresolved external symbol "__declspec(dllimport) public: void __thiscall sf::Shape::setFillColor(class sf::Color const &)" (__imp_?setFillColor@Shape@sf@@QAEXABVColor@2@@Z) referenced in function "void __cdecl createWindowGame(void)" (?createWindowGame@@YAXXZ)
Main.obj : error LNK2019: unresolved external symbol "__declspec(dllimport) public: __thiscall sf::RectangleShape::RectangleShape(class sf::Vector2<float> const &)" (__imp_??0RectangleShape@sf@@QAE@ABV?$Vector2@M@1@@Z) referenced in function "void __cdecl createWindowGame(void)" (?createWindowGame@@YAXXZ)
Main.obj : error LNK2019: unresolved external symbol "__declspec(dllimport) public: class sf::Vector2<float> const & __thiscall sf::RectangleShape::getSize(void)const " (__imp_?getSize@RectangleShape@sf@@QBEABV?$Vector2@M@2@XZ) referenced in function "bool __cdecl isClickedOnShape(class sf::Vector2<int>,class sf::RectangleShape &)" (?isClickedOnShape@@YA_NV?$Vector2@H@sf@@AAVRectangleShape@2@@Z)
Main.obj : error LNK2019: unresolved external symbol "__declspec(dllimport) public: virtual __thiscall sf::RectangleShape::~RectangleShape(void)" (__imp_??1RectangleShape@sf@@UAE@XZ) referenced in function "public: virtual void * __thiscall sf::RectangleShape::`scalar deleting destructor'(unsigned int)" (??_GRectangleShape@sf@@UAEPAXI@Z)
Main.obj : error LNK2019: unresolved external symbol "__declspec(dllimport) public: __thiscall sf::RectangleShape::RectangleShape(class sf::RectangleShape &&)" (__imp_??0RectangleShape@sf@@QAE@$$QAV01@@Z) referenced in function "public: void __thiscall std::allocator<class sf::RectangleShape>::construct<class sf::RectangleShape,class sf::RectangleShape>(class sf::RectangleShape *,class sf::RectangleShape &&)" (??$construct@VRectangleShape@sf@@V12@@?$allocator@VRectangleShape@sf@@@std@@QAEXPAVRectangleShape@sf@@$$QAV23@@Z)
Main.obj : error LNK2019: unresolved external symbol "__declspec(dllimport) public: void __thiscall sf::RenderTarget::clear(class sf::Color const &)" (__imp_?clear@RenderTarget@sf@@QAEXABVColor@2@@Z) referenced in function "void __cdecl redrawField(class sf::RenderWindow &)" (?redrawField@@YAXAAVRenderWindow@sf@@@Z)
Main.obj : error LNK2019: unresolved external symbol "__declspec(dllimport) public: void __thiscall sf::RenderTarget::draw(class sf::Drawable const &,class sf::RenderStates const &)" (__imp_?draw@RenderTarget@sf@@QAEXABVDrawable@2@ABVRenderStates@2@@Z) referenced in function "void __cdecl redrawField(class sf::RenderWindow &)" (?redrawField@@YAXAAVRenderWindow@sf@@@Z)
Main.obj : error LNK2019: unresolved external symbol "__declspec(dllimport) public: __thiscall sf::RenderWindow::RenderWindow(class sf::VideoMode,class sf::String const &,unsigned int,struct sf::ContextSettings const &)" (__imp_??0RenderWindow@sf@@QAE@VVideoMode@1@ABVString@1@IABUContextSettings@1@@Z) referenced in function "void __cdecl createWindowGame(void)" (?createWindowGame@@YAXXZ)
Main.obj : error LNK2019: unresolved external symbol "__declspec(dllimport) public: virtual __thiscall sf::RenderWindow::~RenderWindow(void)" (__imp_??1RenderWindow@sf@@UAE@XZ) referenced in function "void __cdecl createWindowGame(void)" (?createWindowGame@@YAXXZ)
Main.obj : error LNK2019: unresolved external symbol "__declspec(dllimport) public: __thiscall sf::TcpSocket::TcpSocket(void)" (__imp_??0TcpSocket@sf@@QAE@XZ) referenced in function "void __cdecl `dynamic initializer for 'serverSocket''(void)" (??__EserverSocket@@YAXXZ)
Main.obj : error LNK2019: unresolved external symbol "__declspec(dllimport) public: enum sf::Socket::Status __thiscall sf::TcpSocket::connect(class sf::IpAddress const &,unsigned short,class sf::Time)" (__imp_?connect@TcpSocket@sf@@QAE?AW4Status@Socket@2@ABVIpAddress@2@GVTime@2@@Z) referenced in function "void __cdecl startClient(void)" (?startClient@@YAXXZ)
Main.obj : error LNK2019: unresolved external symbol "__declspec(dllimport) public: enum sf::Socket::Status __thiscall sf::TcpSocket::send(void const *,unsigned int)" (__imp_?send@TcpSocket@sf@@QAE?AW4Status@Socket@2@PBXI@Z) referenced in function "void __cdecl sendMessage(class sf::TcpSocket *,class std::basic_string<char,struct std::char_traits<char>,class std::allocator<char> >)" (?sendMessage@@YAXPAVTcpSocket@sf@@V?$basic_string@DU?$char_traits@D@std@@V?$allocator@D@2@@std@@@Z)
Main.obj : error LNK2019: unresolved external symbol "__declspec(dllimport) public: enum sf::Socket::Status __thiscall sf::TcpSocket::receive(void *,unsigned int,unsigned int &)" (__imp_?receive@TcpSocket@sf@@QAE?AW4Status@Socket@2@PAXIAAI@Z) referenced in function "void __cdecl receiveFromClientHandler(class std::reference_wrapper<struct Player *>)" (?receiveFromClientHandler@@YAXV?$reference_wrapper@PAUPlayer@@@std@@@Z)
Main.obj : error LNK2019: unresolved external symbol "__declspec(dllimport) public: virtual __thiscall sf::TcpSocket::~TcpSocket(void)" (__imp_??1TcpSocket@sf@@UAE@XZ) referenced in function "void __cdecl `dynamic atexit destructor for 'serverSocket''(void)" (??__FserverSocket@@YAXXZ)
Main.obj : error LNK2019: unresolved external symbol "__declspec(dllimport) public: static class sf::IpAddress __cdecl sf::IpAddress::getLocalAddress(void)" (__imp_?getLocalAddress@IpAddress@sf@@SA?AV12@XZ) referenced in function "void __cdecl startClient(void)" (?startClient@@YAXXZ)
Main.obj : error LNK2019: unresolved external symbol "__declspec(dllimport) public: __thiscall sf::TcpListener::TcpListener(void)" (__imp_??0TcpListener@sf@@QAE@XZ) referenced in function "void __cdecl `dynamic initializer for 'listener''(void)" (??__Elistener@@YAXXZ)
Main.obj : error LNK2019: unresolved external symbol "__declspec(dllimport) public: enum sf::Socket::Status __thiscall sf::TcpListener::listen(unsigned short,class sf::IpAddress const &)" (__imp_?listen@TcpListener@sf@@QAE?AW4Status@Socket@2@GABVIpAddress@2@@Z) referenced in function "void __cdecl startServer(void)" (?startServer@@YAXXZ)
Main.obj : error LNK2019: unresolved external symbol "__declspec(dllimport) public: enum sf::Socket::Status __thiscall sf::TcpListener::accept(class sf::TcpSocket &)" (__imp_?accept@TcpListener@sf@@QAE?AW4Status@Socket@2@AAVTcpSocket@2@@Z) referenced in function "void __cdecl acceptClientHandler(void)" (?acceptClientHandler@@YAXXZ)
Main.obj : error LNK2019: unresolved external symbol "__declspec(dllimport) public: virtual __thiscall sf::TcpListener::~TcpListener(void)" (__imp_??1TcpListener@sf@@UAE@XZ) referenced in function "void __cdecl `dynamic atexit destructor for 'listener''(void)" (??__Flistener@@YAXXZ)
Main.obj : error LNK2001: unresolved external symbol "private: virtual void __thiscall sf::Shape::draw(class sf::RenderTarget &,class sf::RenderStates)const " (?draw@Shape@sf@@EBEXAAVRenderTarget@2@VRenderStates@2@@Z)
Main.obj : error LNK2001: unresolved external symbol "public: virtual class sf::Vector2<float> __thiscall sf::RectangleShape::getPoint(unsigned int)const " (?getPoint@RectangleShape@sf@@UBE?AV?$Vector2@M@2@I@Z)
Main.obj : error LNK2001: unresolved external symbol "public: virtual unsigned int __thiscall sf::RectangleShape::getPointCount(void)const " (?getPointCount@RectangleShape@sf@@UBEIXZ)
Main.obj : error LNK2001: unresolved external symbol "__declspec(dllimport) public: static class sf::Time const sf::Time::Zero" (__imp_?Zero@Time@sf@@2V12@B)
Main.obj : error LNK2001: unresolved external symbol "__declspec(dllimport) public: static class sf::RenderStates const sf::RenderStates::Default" (__imp_?Default@RenderStates@sf@@2V12@B)
Main.obj : error LNK2001: unresolved external symbol "__declspec(dllimport) public: static class sf::Color const sf::Color::Black" (__imp_?Black@Color@sf@@2V12@B)
Main.obj : error LNK2001: unresolved external symbol "__declspec(dllimport) public: static class sf::Color const sf::Color::White" (__imp_?White@Color@sf@@2V12@B)
Main.obj : error LNK2001: unresolved external symbol "__declspec(dllimport) public: static class sf::Color const sf::Color::Red" (__imp_?Red@Color@sf@@2V12@B)
Main.obj : error LNK2001: unresolved external symbol "__declspec(dllimport) public: static class sf::Color const sf::Color::Green" (__imp_?Green@Color@sf@@2V12@B)
Main.obj : error LNK2001: unresolved external symbol "__declspec(dllimport) public: static class sf::Color const sf::Color::Yellow" (__imp_?Yellow@Color@sf@@2V12@B)
C:\Users\Andrew\Documents\Visual Studio 2015\Projects\QND_Battleship\Debug\QND_Battleship.exe : fatal error LNK1120: 41 unresolved externals
