Main.obj : error LNK2019: unresolved external symbol "__declspec(dllimport) public: __cdecl sf::String::String(char const *,class std::locale const &)" (__imp_??0String@sf@@QEAA@PEBDAEBVlocale@std@@@Z) referenced in function "void __cdecl createWindowGame(void)" (?createWindowGame@@YAXXZ)
Main.obj : error LNK2019: unresolved external symbol "__declspec(dllimport) public: __cdecl sf::String::~String(void)" (__imp_??1String@sf@@QEAA@XZ) referenced in function "void __cdecl createWindowGame(void)" (?createWindowGame@@YAXXZ)
Main.obj : error LNK2019: unresolved external symbol "__declspec(dllimport) public: static bool __cdecl sf::Mouse::isButtonPressed(enum sf::Mouse::Button)" (__imp_?isButtonPressed@Mouse@sf@@SA_NW4Button@12@@Z) referenced in function "void __cdecl createWindowGame(void)" (?createWindowGame@@YAXXZ)
Main.obj : error LNK2019: unresolved external symbol "__declspec(dllimport) public: static class sf::Vector2<int> __cdecl sf::Mouse::getPosition(class sf::Window const &)" (__imp_?getPosition@Mouse@sf@@SA?AV?$Vector2@H@2@AEBVWindow@2@@Z) referenced in function "void __cdecl createWindowGame(void)" (?createWindowGame@@YAXXZ)
Main.obj : error LNK2019: unresolved external symbol "__declspec(dllimport) public: __cdecl sf::VideoMode::VideoMode(unsigned int,unsigned int,unsigned int)" (__imp_??0VideoMode@sf@@QEAA@III@Z) referenced in function "void __cdecl createWindowGame(void)" (?createWindowGame@@YAXXZ)
Main.obj : error LNK2019: unresolved external symbol "__declspec(dllimport) public: void __cdecl sf::Window::close(void)" (__imp_?close@Window@sf@@QEAAXXZ) referenced in function "void __cdecl createWindowGame(void)" (?createWindowGame@@YAXXZ)
Main.obj : error LNK2019: unresolved external symbol "__declspec(dllimport) public: bool __cdecl sf::Window::isOpen(void)const " (__imp_?isOpen@Window@sf@@QEBA_NXZ) referenced in function "void __cdecl createWindowGame(void)" (?createWindowGame@@YAXXZ)
Main.obj : error LNK2019: unresolved external symbol "__declspec(dllimport) public: bool __cdecl sf::Window::pollEvent(class sf::Event &)" (__imp_?pollEvent@Window@sf@@QEAA_NAEAVEvent@2@@Z) referenced in function "void __cdecl createWindowGame(void)" (?createWindowGame@@YAXXZ)
Main.obj : error LNK2019: unresolved external symbol "__declspec(dllimport) public: void __cdecl sf::Window::display(void)" (__imp_?display@Window@sf@@QEAAXXZ) referenced in function "void __cdecl redrawField(class sf::RenderWindow &)" (?redrawField@@YAXAEAVRenderWindow@sf@@@Z)
Main.obj : error LNK2019: unresolved external symbol "__declspec(dllimport) public: void __cdecl sf::Transformable::setPosition(class sf::Vector2<float> const &)" (__imp_?setPosition@Transformable@sf@@QEAAXAEBV?$Vector2@M@2@@Z) referenced in function "void __cdecl createWindowGame(void)" (?createWindowGame@@YAXXZ)
Main.obj : error LNK2019: unresolved external symbol "__declspec(dllimport) public: class sf::Vector2<float> const & __cdecl sf::Transformable::getPosition(void)const " (__imp_?getPosition@Transformable@sf@@QEBAAEBV?$Vector2@M@2@XZ) referenced in function "bool __cdecl isClickedOnShape(class sf::Vector2<int>,class sf::RectangleShape &)" (?isClickedOnShape@@YA_NV?$Vector2@H@sf@@AEAVRectangleShape@2@@Z)
Main.obj : error LNK2019: unresolved external symbol "__declspec(dllimport) public: __cdecl sf::Color::Color(unsigned char,unsigned char,unsigned char,unsigned char)" (__imp_??0Color@sf@@QEAA@EEEE@Z) referenced in function "void __cdecl redrawField(class sf::RenderWindow &)" (?redrawField@@YAXAEAVRenderWindow@sf@@@Z)
Main.obj : error LNK2019: unresolved external symbol "__declspec(dllimport) public: void __cdecl sf::Shape::setFillColor(class sf::Color const &)" (__imp_?setFillColor@Shape@sf@@QEAAXAEBVColor@2@@Z) referenced in function "void __cdecl createWindowGame(void)" (?createWindowGame@@YAXXZ)
Main.obj : error LNK2019: unresolved external symbol "__declspec(dllimport) public: __cdecl sf::RectangleShape::RectangleShape(class sf::Vector2<float> const &)" (__imp_??0RectangleShape@sf@@QEAA@AEBV?$Vector2@M@1@@Z) referenced in function "void __cdecl createWindowGame(void)" (?createWindowGame@@YAXXZ)
Main.obj : error LNK2019: unresolved external symbol "__declspec(dllimport) public: class sf::Vector2<float> const & __cdecl sf::RectangleShape::getSize(void)const " (__imp_?getSize@RectangleShape@sf@@QEBAAEBV?$Vector2@M@2@XZ) referenced in function "bool __cdecl isClickedOnShape(class sf::Vector2<int>,class sf::RectangleShape &)" (?isClickedOnShape@@YA_NV?$Vector2@H@sf@@AEAVRectangleShape@2@@Z)
Main.obj : error LNK2019: unresolved external symbol "__declspec(dllimport) public: virtual __cdecl sf::RectangleShape::~RectangleShape(void)" (__imp_??1RectangleShape@sf@@UEAA@XZ) referenced in function "public: virtual void * __cdecl sf::RectangleShape::`scalar deleting destructor'(unsigned int)" (??_GRectangleShape@sf@@UEAAPEAXI@Z)
Main.obj : error LNK2019: unresolved external symbol "__declspec(dllimport) public: __cdecl sf::RectangleShape::RectangleShape(class sf::RectangleShape &&)" (__imp_??0RectangleShape@sf@@QEAA@$$QEAV01@@Z) referenced in function "public: void __cdecl std::allocator<class sf::RectangleShape>::construct<class sf::RectangleShape,class sf::RectangleShape>(class sf::RectangleShape *,class sf::RectangleShape &&)" (??$construct@VRectangleShape@sf@@V12@@?$allocator@VRectangleShape@sf@@@std@@QEAAXPEAVRectangleShape@sf@@$$QEAV23@@Z)
Main.obj : error LNK2019: unresolved external symbol "__declspec(dllimport) public: void __cdecl sf::RenderTarget::clear(class sf::Color const &)" (__imp_?clear@RenderTarget@sf@@QEAAXAEBVColor@2@@Z) referenced in function "void __cdecl redrawField(class sf::RenderWindow &)" (?redrawField@@YAXAEAVRenderWindow@sf@@@Z)
Main.obj : error LNK2019: unresolved external symbol "__declspec(dllimport) public: void __cdecl sf::RenderTarget::draw(class sf::Drawable const &,class sf::RenderStates const &)" (__imp_?draw@RenderTarget@sf@@QEAAXAEBVDrawable@2@AEBVRenderStates@2@@Z) referenced in function "void __cdecl redrawField(class sf::RenderWindow &)" (?redrawField@@YAXAEAVRenderWindow@sf@@@Z)
Main.obj : error LNK2019: unresolved external symbol "__declspec(dllimport) public: __cdecl sf::RenderWindow::RenderWindow(class sf::VideoMode,class sf::String const &,unsigned int,struct sf::ContextSettings const &)" (__imp_??0RenderWindow@sf@@QEAA@VVideoMode@1@AEBVString@1@IAEBUContextSettings@1@@Z) referenced in function "void __cdecl createWindowGame(void)" (?createWindowGame@@YAXXZ)
Main.obj : error LNK2019: unresolved external symbol "__declspec(dllimport) public: virtual __cdecl sf::RenderWindow::~RenderWindow(void)" (__imp_??1RenderWindow@sf@@UEAA@XZ) referenced in function "void __cdecl createWindowGame(void)" (?createWindowGame@@YAXXZ)
Main.obj : error LNK2019: unresolved external symbol "__declspec(dllimport) public: __cdecl sf::TcpSocket::TcpSocket(void)" (__imp_??0TcpSocket@sf@@QEAA@XZ) referenced in function "void __cdecl `dynamic initializer for 'serverSocket''(void)" (??__EserverSocket@@YAXXZ)
Main.obj : error LNK2019: unresolved external symbol "__declspec(dllimport) public: enum sf::Socket::Status __cdecl sf::TcpSocket::connect(class sf::IpAddress const &,unsigned short,class sf::Time)" (__imp_?connect@TcpSocket@sf@@QEAA?AW4Status@Socket@2@AEBVIpAddress@2@GVTime@2@@Z) referenced in function "void __cdecl startClient(void)" (?startClient@@YAXXZ)
Main.obj : error LNK2019: unresolved external symbol "__declspec(dllimport) public: enum sf::Socket::Status __cdecl sf::TcpSocket::send(void const *,unsigned __int64)" (__imp_?send@TcpSocket@sf@@QEAA?AW4Status@Socket@2@PEBX_K@Z) referenced in function "void __cdecl sendMessage(class sf::TcpSocket *,class std::basic_string<char,struct std::char_traits<char>,class std::allocator<char> >)" (?sendMessage@@YAXPEAVTcpSocket@sf@@V?$basic_string@DU?$char_traits@D@std@@V?$allocator@D@2@@std@@@Z)
Main.obj : error LNK2019: unresolved external symbol "__declspec(dllimport) public: enum sf::Socket::Status __cdecl sf::TcpSocket::receive(void *,unsigned __int64,unsigned __int64 &)" (__imp_?receive@TcpSocket@sf@@QEAA?AW4Status@Socket@2@PEAX_KAEA_K@Z) referenced in function "void __cdecl receiveFromClientHandler(class std::reference_wrapper<struct Player *>)" (?receiveFromClientHandler@@YAXV?$reference_wrapper@PEAUPlayer@@@std@@@Z)
Main.obj : error LNK2019: unresolved external symbol "__declspec(dllimport) public: virtual __cdecl sf::TcpSocket::~TcpSocket(void)" (__imp_??1TcpSocket@sf@@UEAA@XZ) referenced in function "void __cdecl `dynamic atexit destructor for 'serverSocket''(void)" (??__FserverSocket@@YAXXZ)
Main.obj : error LNK2019: unresolved external symbol "__declspec(dllimport) public: static class sf::IpAddress __cdecl sf::IpAddress::getLocalAddress(void)" (__imp_?getLocalAddress@IpAddress@sf@@SA?AV12@XZ) referenced in function "void __cdecl startClient(void)" (?startClient@@YAXXZ)
Main.obj : error LNK2019: unresolved external symbol "__declspec(dllimport) public: __cdecl sf::TcpListener::TcpListener(void)" (__imp_??0TcpListener@sf@@QEAA@XZ) referenced in function "void __cdecl `dynamic initializer for 'listener''(void)" (??__Elistener@@YAXXZ)
Main.obj : error LNK2019: unresolved external symbol "__declspec(dllimport) public: enum sf::Socket::Status __cdecl sf::TcpListener::listen(unsigned short,class sf::IpAddress const &)" (__imp_?listen@TcpListener@sf@@QEAA?AW4Status@Socket@2@GAEBVIpAddress@2@@Z) referenced in function "void __cdecl startServer(void)" (?startServer@@YAXXZ)
Main.obj : error LNK2019: unresolved external symbol "__declspec(dllimport) public: enum sf::Socket::Status __cdecl sf::TcpListener::accept(class sf::TcpSocket &)" (__imp_?accept@TcpListener@sf@@QEAA?AW4Status@Socket@2@AEAVTcpSocket@2@@Z) referenced in function "void __cdecl acceptClientHandler(void)" (?acceptClientHandler@@YAXXZ)
Main.obj : error LNK2019: unresolved external symbol "__declspec(dllimport) public: virtual __cdecl sf::TcpListener::~TcpListener(void)" (__imp_??1TcpListener@sf@@UEAA@XZ) referenced in function "void __cdecl `dynamic atexit destructor for 'listener''(void)" (??__Flistener@@YAXXZ)
Main.obj : error LNK2001: unresolved external symbol "private: virtual void __cdecl sf::Shape::draw(class sf::RenderTarget &,class sf::RenderStates)const " (?draw@Shape@sf@@EEBAXAEAVRenderTarget@2@VRenderStates@2@@Z)
Main.obj : error LNK2001: unresolved external symbol "public: virtual class sf::Vector2<float> __cdecl sf::RectangleShape::getPoint(unsigned __int64)const " (?getPoint@RectangleShape@sf@@UEBA?AV?$Vector2@M@2@_K@Z)
Main.obj : error LNK2001: unresolved external symbol "public: virtual unsigned __int64 __cdecl sf::RectangleShape::getPointCount(void)const " (?getPointCount@RectangleShape@sf@@UEBA_KXZ)
Main.obj : error LNK2001: unresolved external symbol "__declspec(dllimport) public: static class sf::Time const sf::Time::Zero" (__imp_?Zero@Time@sf@@2V12@B)
Main.obj : error LNK2001: unresolved external symbol "__declspec(dllimport) public: static class sf::RenderStates const sf::RenderStates::Default" (__imp_?Default@RenderStates@sf@@2V12@B)
Main.obj : error LNK2001: unresolved external symbol "__declspec(dllimport) public: static class sf::Color const sf::Color::Black" (__imp_?Black@Color@sf@@2V12@B)
Main.obj : error LNK2001: unresolved external symbol "__declspec(dllimport) public: static class sf::Color const sf::Color::White" (__imp_?White@Color@sf@@2V12@B)
Main.obj : error LNK2001: unresolved external symbol "__declspec(dllimport) public: static class sf::Color const sf::Color::Red" (__imp_?Red@Color@sf@@2V12@B)
Main.obj : error LNK2001: unresolved external symbol "__declspec(dllimport) public: static class sf::Color const sf::Color::Green" (__imp_?Green@Color@sf@@2V12@B)
Main.obj : error LNK2001: unresolved external symbol "__declspec(dllimport) public: static class sf::Color const sf::Color::Yellow" (__imp_?Yellow@Color@sf@@2V12@B)
C:\Users\Andrew\Documents\Visual Studio 2015\Projects\QND_Battleship\x64\Debug\QND_Battleship.exe : fatal error LNK1120: 41 unresolved externals
